/*C12*/SET SCHEMA PUBLIC
drop table card if exists
create table card (id bigint generated by default as identity (start with 1), card_holder_name varchar(255), pan varchar(255), valid_date varchar(255), primary key (id))
INSERT INTO CARD VALUES(1,'4efhgtkuqgnh50h1ks63va25hb','0.61510910065140','0008-08')
COMMIT
DISCONNECT
/*C11*/SET SCHEMA PUBLIC
DISCONNECT
/*C10*/SET SCHEMA PUBLIC
DISCONNECT
/*C9*/SET SCHEMA PUBLIC
DISCONNECT
/*C8*/SET SCHEMA PUBLIC
DISCONNECT
/*C7*/SET SCHEMA PUBLIC
DISCONNECT
/*C6*/SET SCHEMA PUBLIC
DISCONNECT
/*C5*/SET SCHEMA PUBLIC
DISCONNECT
/*C4*/SET SCHEMA PUBLIC
DISCONNECT
/*C3*/SET SCHEMA PUBLIC
DISCONNECT
